  Functions.cpp
C:\Users\Пользователь\source\repos\The-maze\Maze_VS\Maze_VS\Functions.cpp(49,22): warning C4244: инициализация: преобразование "time_t" в "unsigned int", возможна потеря данных
C:\Users\Пользователь\source\repos\The-maze\Maze_VS\Maze_VS\Functions.cpp(365,9): warning C4101: next_river_point_index: неиспользованная локальная переменная
  main.cpp
C:\Users\Пользователь\source\repos\The-maze\Maze_VS\Maze_VS\Functions.h(2,21): error C2065: player: необъявленный идентификатор
  (компиляция исходного файла "main.cpp")
  
C:\Users\Пользователь\source\repos\The-maze\Maze_VS\Maze_VS\Functions.h(2,29): error C2065: pl: необъявленный идентификатор
  (компиляция исходного файла "main.cpp")
  
C:\Users\Пользователь\source\repos\The-maze\Maze_VS\Maze_VS\Functions.h(6,22): error C2065: point: необъявленный идентификатор
  (компиляция исходного файла "main.cpp")
  
C:\Users\Пользователь\source\repos\The-maze\Maze_VS\Maze_VS\Functions.h(6,29): error C2065: arr: необъявленный идентификатор
  (компиляция исходного файла "main.cpp")
  
C:\Users\Пользователь\source\repos\The-maze\Maze_VS\Maze_VS\Functions.h(6,34): error C2065: point: необъявленный идентификатор
  (компиляция исходного файла "main.cpp")
  
C:\Users\Пользователь\source\repos\The-maze\Maze_VS\Maze_VS\Functions.h(6,40): error C2146: синтаксическая ошибка: отсутствие ")" перед идентификатором "p"
  (компиляция исходного файла "main.cpp")
  
C:\Users\Пользователь\source\repos\The-maze\Maze_VS\Maze_VS\Functions.h(7,34): error C2061: синтаксическая ошибка: идентификатор "point"
  (компиляция исходного файла "main.cpp")
  
C:\Users\Пользователь\source\repos\The-maze\Maze_VS\Maze_VS\Functions.h(8,35): error C2061: синтаксическая ошибка: идентификатор "point"
  (компиляция исходного файла "main.cpp")
  
C:\Users\Пользователь\source\repos\The-maze\Maze_VS\Maze_VS\Functions.h(9,41): error C2061: синтаксическая ошибка: идентификатор "point"
  (компиляция исходного файла "main.cpp")
  
C:\Users\Пользователь\source\repos\The-maze\Maze_VS\Maze_VS\Functions.h(10,37): error C2061: синтаксическая ошибка: идентификатор "point"
  (компиляция исходного файла "main.cpp")
  
C:\Users\Пользователь\source\repos\The-maze\Maze_VS\Maze_VS\Functions.h(11,16): error C2065: point: необъявленный идентификатор
  (компиляция исходного файла "main.cpp")
  
C:\Users\Пользователь\source\repos\The-maze\Maze_VS\Maze_VS\Functions.h(11,22): error C2146: синтаксическая ошибка: отсутствие ")" перед идентификатором "a"
  (компиляция исходного файла "main.cpp")
  
C:\Users\Пользователь\source\repos\The-maze\Maze_VS\Maze_VS\Functions.h(12,34): error C2061: синтаксическая ошибка: идентификатор "point"
  (компиляция исходного файла "main.cpp")
  
C:\Users\Пользователь\source\repos\The-maze\Maze_VS\Maze_VS\Functions.h(14,33): error C2061: синтаксическая ошибка: идентификатор "point"
  (компиляция исходного файла "main.cpp")
  
C:\Users\Пользователь\source\repos\The-maze\Maze_VS\Maze_VS\Functions.h(17,44): error C2061: синтаксическая ошибка: идентификатор "point"
  (компиляция исходного файла "main.cpp")
  
C:\Users\Пользователь\source\repos\The-maze\Maze_VS\Maze_VS\Functions.h(23,26): error C2061: синтаксическая ошибка: идентификатор "player"
  (компиляция исходного файла "main.cpp")
  
C:\Users\Пользователь\source\repos\The-maze\Maze_VS\Maze_VS\Functions.h(26,26): error C2061: синтаксическая ошибка: идентификатор "player"
  (компиляция исходного файла "main.cpp")
  
C:\Users\Пользователь\source\repos\The-maze\Maze_VS\Maze_VS\Functions.h(27,28): error C2061: синтаксическая ошибка: идентификатор "player"
  (компиляция исходного файла "main.cpp")
  
C:\Users\Пользователь\source\repos\The-maze\Maze_VS\Maze_VS\Functions.h(28,11): error C2065: player: необъявленный идентификатор
  (компиляция исходного файла "main.cpp")
  
C:\Users\Пользователь\source\repos\The-maze\Maze_VS\Maze_VS\Functions.h(28,19): error C2065: player: необъявленный идентификатор
  (компиляция исходного файла "main.cpp")
  
C:\Users\Пользователь\source\repos\The-maze\Maze_VS\Maze_VS\Functions.h(28,27): error C2062: тип "int" не требуется
  (компиляция исходного файла "main.cpp")
  
C:\Users\Пользователь\source\repos\The-maze\Maze_VS\Maze_VS\main.cpp(50,22): warning C4244: инициализация: преобразование "time_t" в "unsigned int", возможна потеря данных
C:\Users\Пользователь\source\repos\The-maze\Maze_VS\Maze_VS\main.cpp(151,17): error C2064: результатом вычисления фрагмента не является функция, принимающая 4 аргументов
C:\Users\Пользователь\source\repos\The-maze\Maze_VS\Maze_VS\main.cpp(155,21): error C2064: результатом вычисления фрагмента не является функция, принимающая 4 аргументов
C:\Users\Пользователь\source\repos\The-maze\Maze_VS\Maze_VS\main.cpp(159,17): error C2064: результатом вычисления фрагмента не является функция, принимающая 4 аргументов
C:\Users\Пользователь\source\repos\The-maze\Maze_VS\Maze_VS\main.cpp(163,21): error C2064: результатом вычисления фрагмента не является функция, принимающая 4 аргументов
  Создание кода...
